[0mGET / [36m302 [0m25.751 ms - 56[0m
[0mGET /login [32m200 [0m11.291 ms - 634[0m
[0mGET /favicon.ico [36m302 [0m2.211 ms - 28[0m
[0mGET /login [36m304 [0m7.083 ms - -[0m
[0mPOST /login [36m302 [0m124.335 ms - 60[0m
[0mGET /users/2 [36m302 [0m0.808 ms - 56[0m
[0mGET /login [32m200 [0m2.919 ms - 634[0m
[0mGET /favicon.ico [36m302 [0m1.468 ms - 28[0m
[0mGET /login [36m304 [0m3.318 ms - -[0m
[0mPOST /login [36m302 [0m13.340 ms - 60[0m
[0mGET /users/2 [36m302 [0m0.970 ms - 56[0m
[0mGET /login [32m200 [0m3.983 ms - 634[0m
[0mGET /favicon.ico [36m302 [0m2.273 ms - 28[0m
[0mGET /login [32m200 [0m2.102 ms - 634[0m
[0mPOST /login [36m302 [0m6.035 ms - 60[0m
[0mGET /users/2 [36m302 [0m5.635 ms - 56[0m
[0mGET /login [32m200 [0m4.918 ms - 634[0m
[0mGET /favicon.ico [36m302 [0m4.603 ms - 28[0m
[0mGET /login [32m200 [0m4.912 ms - 634[0m
[0mGET /login [32m200 [0m18.373 ms - 634[0m
[0mGET /favicon.ico [36m302 [0m21.399 ms - 28[0m
[0mGET /login [32m200 [0m7.739 ms - 634[0m
[0mGET /login [32m200 [0m7.772 ms - 634[0m
[0mGET /favicon.ico [36m302 [0m5.137 ms - 28[0m
[0mGET /login [32m200 [0m6.169 ms - 634[0m
[0mGET /login [32m200 [0m12.193 ms - 634[0m
[0mGET /favicon.ico [36m302 [0m5.459 ms - 28[0m
[0mGET /login [32m200 [0m6.674 ms - 634[0m
[0mPOST /login [36m302 [0m60.335 ms - 60[0m
[0mGET /users/2 [36m302 [0m4.023 ms - 56[0m
[0mGET /login [32m200 [0m5.877 ms - 634[0m
[0mGET /favicon.ico [36m302 [0m3.193 ms - 28[0m
[0mGET /login [32m200 [0m5.090 ms - 634[0m
[0mPOST /login [36m302 [0m63.901 ms - 60[0m
[0mGET /users/2 [32m200 [0m5.316 ms - 73[0m
[0mGET /favicon.ico [33m404 [0m2.446 ms - 150[0m
[0mGET /users/2 [32m200 [0m4.077 ms - 73[0m
[0mGET /users/2 [36m302 [0m30.585 ms - 56[0m
[0mGET /login [32m200 [0m23.758 ms - 634[0m
[0mPOST /login [36m302 [0m69.553 ms - 60[0m
[0mGET /users/2 [36m302 [0m4.404 ms - 56[0m
[0mGET /login [32m200 [0m7.820 ms - 634[0m
[0mGET /login [36m304 [0m26.230 ms - -[0m
[0mPOST /login [36m302 [0m62.433 ms - 60[0m
[0mGET /users/2 [36m302 [0m8.558 ms - 56[0m
[0mGET /login [32m200 [0m11.076 ms - 634[0m
[0mGET / [36m302 [0m35.820 ms - 56[0m
[0mGET /login [32m200 [0m17.405 ms - 634[0m
[0mGET /favicon.ico [36m302 [0m9.599 ms - 28[0m
[0mGET /login [36m304 [0m17.243 ms - -[0m
[0mPOST /login [36m302 [0m117.837 ms - 60[0m
[0mGET /users/2 [36m302 [0m11.953 ms - 56[0m
[0mGET /login [32m200 [0m9.800 ms - 634[0m
[0mGET /favicon.ico [36m302 [0m10.200 ms - 28[0m
[0mGET /login [36m304 [0m9.105 ms - -[0m
[0mPOST /login [36m302 [0m13.525 ms - 60[0m
[0mGET /users/2 [36m302 [0m9.742 ms - 56[0m
[0mGET /login [32m200 [0m12.952 ms - 634[0m
[0mGET /favicon.ico [36m302 [0m7.614 ms - 28[0m
[0mGET /login [36m304 [0m10.185 ms - -[0m
[0mGET /login [36m304 [0m20.914 ms - -[0m
[0mGET /favicon.ico [36m302 [0m22.761 ms - 28[0m
[0mGET /login [32m200 [0m10.061 ms - 634[0m
[0mGET / [36m302 [0m21.244 ms - 56[0m
[0mGET /login [32m200 [0m15.320 ms - 634[0m
[0mGET /favicon.ico [36m302 [0m1.034 ms - 28[0m
[0mGET /login [36m304 [0m4.621 ms - -[0m
[0mPOST /login [36m302 [0m53.450 ms - 60[0m
[0mGET /users/2 [32m200 [0m7.877 ms - 73[0m
[0mGET /favicon.ico [33m404 [0m5.911 ms - 150[0m
[0mGET / [36m302 [0m28.888 ms - 56[0m
[0mGET /login [32m200 [0m18.997 ms - 634[0m
[0mGET /favicon.ico [36m302 [0m1.355 ms - 28[0m
[0mGET /login [36m304 [0m3.934 ms - -[0m
[0mGET /login [36m304 [0m16.253 ms - -[0m
[0mGET /favicon.ico [36m302 [0m9.602 ms - 28[0m
[0mGET /login [32m200 [0m2.805 ms - 634[0m
[0mPOST /login [36m302 [0m154.095 ms - 60[0m
[0mGET /users/2 [32m200 [0m2.491 ms - 73[0m
[0mGET /favicon.ico [33m404 [0m3.464 ms - 150[0m
[0mGET /login [32m200 [0m5.942 ms - 634[0m
[0mPOST /login [36m302 [0m3.244 ms - 60[0m
[0mGET /users/2 [32m200 [0m0.892 ms - 73[0m
[0mGET /users/2 [32m200 [0m1.682 ms - 73[0m
[0mGET /users/2 [36m302 [0m30.542 ms - 56[0m
[0mGET /login [32m200 [0m11.653 ms - 634[0m
[0mPOST /login [36m302 [0m51.198 ms - 60[0m
[0mGET /users/2 [32m200 [0m1.584 ms - 8[0m
[0mGET /users/2 [36m304 [0m11.602 ms - -[0m
[0mGET /data/users.json [36m302 [0m35.647 ms - 56[0m
[0mGET /login [32m200 [0m18.210 ms - 634[0m
[0mPOST /login [36m302 [0m133.715 ms - 60[0m
[0mGET /users/2 [32m200 [0m2.691 ms - 8[0m
[0mGET /data/users.json [33m404 [0m7.097 ms - 154[0m
[0mGET /data/A.json [33m404 [0m3.140 ms - 150[0m
[0mGET /data/A.json [32m200 [0m21.052 ms - 76697[0m
[0mGET /data/A.json [36m304 [0m3.586 ms - -[0m
[0mGET /data/A.json [32m200 [0m11.616 ms - 76697[0m
[0mGET /data/A.json [32m200 [0m5.228 ms - 76697[0m
[0mGET /data/A.json [32m200 [0m10.099 ms - 76697[0m
[0mGET /data/A.json [32m200 [0m3.785 ms - 76697[0m
[0mGET / [36m302 [0m20.964 ms - 56[0m
[0mGET /login [32m200 [0m9.071 ms - 634[0m
[0mPOST /login [36m302 [0m49.441 ms - 60[0m
[0mGET /users/2 [32m200 [0m1.883 ms - 8[0m
[0mGET /users/2 [32m200 [0m1.000 ms - 8[0m
[0mGET /users/2 [36m302 [0m30.948 ms - 56[0m
[0mGET /login [32m200 [0m16.165 ms - 634[0m
[0mPOST /login [36m302 [0m49.272 ms - 60[0m
[0mGET /users/2 [32m200 [0m2.309 ms - 8[0m
[0mGET /data/A.json [32m200 [0m7.435 ms - 76697[0m
[0mGET /data/A.json [36m302 [0m23.686 ms - 56[0m
[0mGET /data/A.json [36m302 [0m3.426 ms - 56[0m
[0mGET /login [32m200 [0m11.613 ms - 634[0m
[0mPOST /login [36m302 [0m48.634 ms - 60[0m
[0mGET /users/2 [32m200 [0m3.199 ms - 8[0m
[0mGET /data/A.json [33m404 [0m3.300 ms - 150[0m
[0mGET /data/A.json [36m302 [0m22.794 ms - 56[0m
[0mGET /login [32m200 [0m11.379 ms - 634[0m
[0mPOST /login [36m302 [0m50.561 ms - 60[0m
[0mGET /users/2 [33m404 [0m4.180 ms - 146[0m
[0mGET /data/A.json [33m404 [0m4.062 ms - 150[0m
[0mGET /data/A.json [36m302 [0m24.839 ms - 56[0m
[0mGET /login [32m200 [0m10.759 ms - 634[0m
[0mPOST /login [36m302 [0m56.752 ms - 60[0m
[0mGET /users/2 [33m404 [0m2.695 ms - 146[0m
[0mGET /data/A.json [33m404 [0m9.605 ms - 150[0m
[0mGET /users [0m- [0m- ms - -[0m
[0mGET /users [36m302 [0m21.535 ms - 56[0m
[0mGET /login [32m200 [0m10.366 ms - 634[0m
[0mPOST /login [36m302 [0m45.714 ms - 60[0m
[0mGET /users/2 [32m200 [0m1.883 ms - 8[0m
[0mGET /users [0m- [0m- ms - -[0m
[0mGET /login [32m200 [0m4.785 ms - 634[0m
[0mPOST /login [36m302 [0m3.214 ms - 60[0m
[0mGET /users/2 [32m200 [0m0.801 ms - 8[0m
[0mGET /data [33m404 [0m2.501 ms - 143[0m
[0mGET /data [36m302 [0m21.435 ms - 56[0m
[0mGET /login [32m200 [0m9.853 ms - 634[0m
[0mPOST /login [36m302 [0m51.568 ms - 60[0m
[0mGET /users/2 [32m200 [0m2.539 ms - 8[0m
[0mGET /data/A.json [33m404 [0m3.516 ms - 150[0m
[0mGET /data/A.json [36m302 [0m20.338 ms - 56[0m
[0mGET /login [32m200 [0m9.202 ms - 634[0m
[0mPOST /login [36m302 [0m56.063 ms - 60[0m
[0mGET /users/2 [32m200 [0m1.789 ms - 8[0m
[0mGET /data/A.json [33m404 [0m3.061 ms - 150[0m
[0mGET /data/A.json [36m302 [0m18.013 ms - 56[0m
[0mGET /login [32m200 [0m9.383 ms - 634[0m
[0mPOST /login [36m302 [0m48.004 ms - 60[0m
[0mGET /users/2 [32m200 [0m2.492 ms - 8[0m
[0mGET /data/A.json [31m500 [0m76.540 ms - 1072[0m
[0mGET /data/A.json [31m500 [0m43.563 ms - 1072[0m
[0mGET /data/A.json [36m302 [0m18.912 ms - 56[0m
[0mGET /login [32m200 [0m9.728 ms - 634[0m
[0mPOST /login [36m302 [0m61.170 ms - 60[0m
[0mGET /users/2 [32m200 [0m2.367 ms - 8[0m
[0mGET /data/A.json [31m500 [0m27.855 ms - 1105[0m
[0mGET /data/A.json [36m302 [0m17.893 ms - 56[0m
[0mGET /login [32m200 [0m8.825 ms - 634[0m
[0mPOST /login [36m302 [0m55.356 ms - 60[0m
[0mGET /users/2 [32m200 [0m1.564 ms - 8[0m
[0mGET /data/A.json [32m200 [0m22.602 ms - 258876[0m
[0mGET /data/A.json [36m302 [0m19.541 ms - 56[0m
[0mGET /login [33m404 [0m4.063 ms - 144[0m
[0mGET /data/A.json [36m302 [0m7.177 ms - 56[0m
[0mGET /login [33m404 [0m1.278 ms - 144[0m
[0mGET /data/A.json [36m302 [0m1.052 ms - 56[0m
[0mGET /login [33m404 [0m2.182 ms - 144[0m
[0mGET /data/A.json [32m200 [0m34.467 ms - 258876[0m
[0mGET /data/A.json [32m200 [0m26.255 ms - 50688[0m
[0mGET /data/A.json [32m200 [0m27.852 ms - 50688[0m
[0mGET /data/A.json [32m200 [0m12.272 ms - 50688[0m
[0mGET /data/A.json [32m200 [0m27.134 ms - 50688[0m
[0mGET /data/A.json [32m200 [0m14.728 ms - 50688[0m
[0mGET /data/A.json [32m200 [0m9.355 ms - 50688[0m
[0mGET /data/M.json [32m200 [0m6.597 ms - 50688[0m
[0mGET /data/S.json [31m500 [0m31.395 ms - 1121[0m
[0mGET /data/A.json [32m200 [0m54.466 ms - 50688[0m
[0mGET /data/I.json [32m200 [0m16.069 ms - 18823[0m
[0mGET /data/A.json [32m200 [0m103.359 ms - 50688[0m
[0mGET /data/A.json [32m200 [0m21.856 ms - 50688[0m
[0mGET /data/A.json [32m200 [0m16.604 ms - 50688[0m
[0mGET /data/A.json [32m200 [0m6.762 ms - 50688[0m
[0mGET /data/A.json [32m200 [0m13.232 ms - 50688[0m
[0mGET /data/A.json [32m200 [0m5.557 ms - 50688[0m
[0mGET /data/C.json [32m200 [0m16.761 ms - 63419[0m
[0mGET /data/A.json [32m200 [0m6.013 ms - 50688[0m
[0mGET /data/A.json [32m200 [0m4.419 ms - 50688[0m
